# Logfile created on 2014-02-06 12:21:08 -0500 by logger.rb/41954
I, [2014-02-06T12:21:08.533620 #21796]  INFO -- : 0:  rake (10.1.1) from /usr/local/opt/rbenv/versions/2.0.0-p353/lib/ruby/gems/2.0.0/specifications/rake-10.1.1.gemspec
I, [2014-02-06T12:21:08.534050 #21796]  INFO -- : 0:  i18n (0.6.9) from /usr/local/opt/rbenv/versions/2.0.0-p353/lib/ruby/gems/2.0.0/specifications/i18n-0.6.9.gemspec
I, [2014-02-06T12:21:08.534322 #21796]  INFO -- : 0:  minitest (4.7.5) from /usr/local/opt/rbenv/versions/2.0.0-p353/lib/ruby/gems/2.0.0/specifications/minitest-4.7.5.gemspec
I, [2014-02-06T12:21:08.534570 #21796]  INFO -- : 0:  multi_json (1.8.4) from /usr/local/opt/rbenv/versions/2.0.0-p353/lib/ruby/gems/2.0.0/specifications/multi_json-1.8.4.gemspec
I, [2014-02-06T12:21:08.534814 #21796]  INFO -- : 0:  atomic (1.1.14) from /usr/local/opt/rbenv/versions/2.0.0-p353/lib/ruby/gems/2.0.0/specifications/atomic-1.1.14.gemspec
I, [2014-02-06T12:21:08.535065 #21796]  INFO -- : 0:  thread_safe (0.1.3) from /usr/local/opt/rbenv/versions/2.0.0-p353/lib/ruby/gems/2.0.0/specifications/thread_safe-0.1.3.gemspec
I, [2014-02-06T12:21:08.535311 #21796]  INFO -- : 0:  tzinfo (0.3.38) from /usr/local/opt/rbenv/versions/2.0.0-p353/lib/ruby/gems/2.0.0/specifications/tzinfo-0.3.38.gemspec
I, [2014-02-06T12:21:08.535558 #21796]  INFO -- : 0:  activesupport (4.0.2) from /usr/local/opt/rbenv/versions/2.0.0-p353/lib/ruby/gems/2.0.0/specifications/activesupport-4.0.2.gemspec
I, [2014-02-06T12:21:08.535803 #21796]  INFO -- : 0:  builder (3.1.4) from /usr/local/opt/rbenv/versions/2.0.0-p353/lib/ruby/gems/2.0.0/specifications/builder-3.1.4.gemspec
I, [2014-02-06T12:21:08.536044 #21796]  INFO -- : 0:  erubis (2.7.0) from /usr/local/opt/rbenv/versions/2.0.0-p353/lib/ruby/gems/2.0.0/specifications/erubis-2.7.0.gemspec
I, [2014-02-06T12:21:08.536289 #21796]  INFO -- : 0:  rack (1.5.2) from /usr/local/opt/rbenv/versions/2.0.0-p353/lib/ruby/gems/2.0.0/specifications/rack-1.5.2.gemspec
I, [2014-02-06T12:21:08.536540 #21796]  INFO -- : 0:  rack-test (0.6.2) from /usr/local/opt/rbenv/versions/2.0.0-p353/lib/ruby/gems/2.0.0/specifications/rack-test-0.6.2.gemspec
I, [2014-02-06T12:21:08.536791 #21796]  INFO -- : 0:  actionpack (4.0.2) from /usr/local/opt/rbenv/versions/2.0.0-p353/lib/ruby/gems/2.0.0/specifications/actionpack-4.0.2.gemspec
I, [2014-02-06T12:21:08.537027 #21796]  INFO -- : 0:  mime-types (1.25.1) from /usr/local/opt/rbenv/versions/2.0.0-p353/lib/ruby/gems/2.0.0/specifications/mime-types-1.25.1.gemspec
I, [2014-02-06T12:21:08.537261 #21796]  INFO -- : 0:  polyglot (0.3.3) from /usr/local/opt/rbenv/versions/2.0.0-p353/lib/ruby/gems/2.0.0/specifications/polyglot-0.3.3.gemspec
I, [2014-02-06T12:21:08.537492 #21796]  INFO -- : 0:  treetop (1.4.15) from /usr/local/opt/rbenv/versions/2.0.0-p353/lib/ruby/gems/2.0.0/specifications/treetop-1.4.15.gemspec
I, [2014-02-06T12:21:08.537721 #21796]  INFO -- : 0:  mail (2.5.4) from /usr/local/opt/rbenv/versions/2.0.0-p353/lib/ruby/gems/2.0.0/specifications/mail-2.5.4.gemspec
I, [2014-02-06T12:21:08.537957 #21796]  INFO -- : 0:  actionmailer (4.0.2) from /usr/local/opt/rbenv/versions/2.0.0-p353/lib/ruby/gems/2.0.0/specifications/actionmailer-4.0.2.gemspec
I, [2014-02-06T12:21:08.538186 #21796]  INFO -- : 0:  active_utils (2.0.1) from /usr/local/opt/rbenv/versions/2.0.0-p353/lib/ruby/gems/2.0.0/specifications/active_utils-2.0.1.gemspec
I, [2014-02-06T12:21:08.538417 #21796]  INFO -- : 0:  json (1.8.1) from /usr/local/opt/rbenv/versions/2.0.0-p353/lib/ruby/gems/2.0.0/specifications/json-1.8.1.gemspec
I, [2014-02-06T12:21:08.538650 #21796]  INFO -- : 0:  monetize (0.1.4) from /usr/local/opt/rbenv/versions/2.0.0-p353/lib/ruby/gems/2.0.0/specifications/monetize-0.1.4.gemspec
I, [2014-02-06T12:21:08.538923 #21796]  INFO -- : 0:  money (6.0.1) from /usr/local/opt/rbenv/versions/2.0.0-p353/lib/ruby/gems/2.0.0/specifications/money-6.0.1.gemspec
I, [2014-02-06T12:21:08.539176 #21796]  INFO -- : 0:  mini_portile (0.5.2) from /usr/local/opt/rbenv/versions/2.0.0-p353/lib/ruby/gems/2.0.0/specifications/mini_portile-0.5.2.gemspec
I, [2014-02-06T12:21:08.539410 #21796]  INFO -- : 0:  nokogiri (1.6.1) from /usr/local/opt/rbenv/versions/2.0.0-p353/lib/ruby/gems/2.0.0/specifications/nokogiri-1.6.1.gemspec
I, [2014-02-06T12:21:08.539668 #21796]  INFO -- : 0:  activemerchant (1.42.4) from /usr/local/opt/rbenv/versions/2.0.0-p353/lib/ruby/gems/2.0.0/specifications/activemerchant-1.42.4.gemspec
I, [2014-02-06T12:21:08.539935 #21796]  INFO -- : 0:  activemodel (4.0.2) from /usr/local/opt/rbenv/versions/2.0.0-p353/lib/ruby/gems/2.0.0/specifications/activemodel-4.0.2.gemspec
I, [2014-02-06T12:21:08.540171 #21796]  INFO -- : 0:  activerecord-deprecated_finders (1.0.3) from /usr/local/opt/rbenv/versions/2.0.0-p353/lib/ruby/gems/2.0.0/specifications/activerecord-deprecated_finders-1.0.3.gemspec
I, [2014-02-06T12:21:08.540406 #21796]  INFO -- : 0:  arel (4.0.2) from /usr/local/opt/rbenv/versions/2.0.0-p353/lib/ruby/gems/2.0.0/specifications/arel-4.0.2.gemspec
I, [2014-02-06T12:21:08.540639 #21796]  INFO -- : 0:  activerecord (4.0.2) from /usr/local/opt/rbenv/versions/2.0.0-p353/lib/ruby/gems/2.0.0/specifications/activerecord-4.0.2.gemspec
I, [2014-02-06T12:21:08.540874 #21796]  INFO -- : 0:  acts_as_list (0.3.0) from /usr/local/opt/rbenv/versions/2.0.0-p353/lib/ruby/gems/2.0.0/specifications/acts_as_list-0.3.0.gemspec
I, [2014-02-06T12:21:08.541110 #21796]  INFO -- : 0:  awesome_nested_set (3.0.0.rc.3) from /usr/local/opt/rbenv/versions/2.0.0-p353/lib/ruby/gems/2.0.0/specifications/awesome_nested_set-3.0.0.rc.3.gemspec
I, [2014-02-06T12:21:08.541342 #21796]  INFO -- : 0:  uuidtools (2.1.4) from /usr/local/opt/rbenv/versions/2.0.0-p353/lib/ruby/gems/2.0.0/specifications/uuidtools-2.1.4.gemspec
I, [2014-02-06T12:21:08.541573 #21796]  INFO -- : 0:  aws-sdk (1.27.0) from /usr/local/opt/rbenv/versions/2.0.0-p353/lib/ruby/gems/2.0.0/specifications/aws-sdk-1.27.0.gemspec
I, [2014-02-06T12:21:08.541804 #21796]  INFO -- : 0:  bcrypt-ruby (3.1.2) from /usr/local/opt/rbenv/versions/2.0.0-p353/lib/ruby/gems/2.0.0/specifications/bcrypt-ruby-3.1.2.gemspec
I, [2014-02-06T12:21:08.542106 #21796]  INFO -- : 0:  bundler (1.5.1) from /usr/local/opt/rbenv/versions/2.0.0-p353/lib/ruby/gems/2.0.0/specifications/bundler-1.5.1.gemspec
I, [2014-02-06T12:21:08.542345 #21796]  INFO -- : 0:  cancan (1.6.10) from /usr/local/opt/rbenv/versions/2.0.0-p353/lib/ruby/gems/2.0.0/specifications/cancan-1.6.10.gemspec
I, [2014-02-06T12:21:08.542578 #21796]  INFO -- : 0:  thor (0.18.1) from /usr/local/opt/rbenv/versions/2.0.0-p353/lib/ruby/gems/2.0.0/specifications/thor-0.18.1.gemspec
I, [2014-02-06T12:21:08.542812 #21796]  INFO -- : 0:  railties (4.0.2) from /usr/local/opt/rbenv/versions/2.0.0-p353/lib/ruby/gems/2.0.0/specifications/railties-4.0.2.gemspec
I, [2014-02-06T12:21:08.543039 #21796]  INFO -- : 0:  hike (1.2.3) from /usr/local/opt/rbenv/versions/2.0.0-p353/lib/ruby/gems/2.0.0/specifications/hike-1.2.3.gemspec
I, [2014-02-06T12:21:08.543267 #21796]  INFO -- : 0:  tilt (1.4.1) from /usr/local/opt/rbenv/versions/2.0.0-p353/lib/ruby/gems/2.0.0/specifications/tilt-1.4.1.gemspec
I, [2014-02-06T12:21:08.543501 #21796]  INFO -- : 0:  sprockets (2.10.1) from /usr/local/opt/rbenv/versions/2.0.0-p353/lib/ruby/gems/2.0.0/specifications/sprockets-2.10.1.gemspec
I, [2014-02-06T12:21:08.543729 #21796]  INFO -- : 0:  sprockets-rails (2.0.1) from /usr/local/opt/rbenv/versions/2.0.0-p353/lib/ruby/gems/2.0.0/specifications/sprockets-rails-2.0.1.gemspec
I, [2014-02-06T12:21:08.543959 #21796]  INFO -- : 0:  rails (4.0.2) from /usr/local/opt/rbenv/versions/2.0.0-p353/lib/ruby/gems/2.0.0/specifications/rails-4.0.2.gemspec
I, [2014-02-06T12:21:08.544190 #21796]  INFO -- : 0:  canonical-rails (0.0.3) from /usr/local/opt/rbenv/versions/2.0.0-p353/lib/ruby/gems/2.0.0/specifications/canonical-rails-0.0.3.gemspec
I, [2014-02-06T12:21:08.544419 #21796]  INFO -- : 0:  xpath (2.0.0) from /usr/local/opt/rbenv/versions/2.0.0-p353/lib/ruby/gems/2.0.0/specifications/xpath-2.0.0.gemspec
I, [2014-02-06T12:21:08.544652 #21796]  INFO -- : 0:  capybara (2.2.1) from /usr/local/opt/rbenv/versions/2.0.0-p353/lib/ruby/gems/2.0.0/specifications/capybara-2.2.1.gemspec
I, [2014-02-06T12:21:08.544899 #21796]  INFO -- : 0:  climate_control (0.0.3) from /usr/local/opt/rbenv/versions/2.0.0-p353/lib/ruby/gems/2.0.0/specifications/climate_control-0.0.3.gemspec
I, [2014-02-06T12:21:10.342609 #21796]  INFO -- : 0:  cliver (0.3.2) from /usr/local/opt/rbenv/versions/2.0.0-p353/lib/ruby/gems/2.0.0/specifications/cliver-0.3.2.gemspec
I, [2014-02-06T12:21:10.343009 #21796]  INFO -- : 0:  cocaine (0.5.3) from /usr/local/opt/rbenv/versions/2.0.0-p353/lib/ruby/gems/2.0.0/specifications/cocaine-0.5.3.gemspec
I, [2014-02-06T12:21:10.343254 #21796]  INFO -- : 0:  coderay (1.1.0) from /usr/local/opt/rbenv/versions/2.0.0-p353/lib/ruby/gems/2.0.0/specifications/coderay-1.1.0.gemspec
I, [2014-02-06T12:21:10.343503 #21796]  INFO -- : 0:  coffee-script-source (1.7.0) from /usr/local/opt/rbenv/versions/2.0.0-p353/lib/ruby/gems/2.0.0/specifications/coffee-script-source-1.7.0.gemspec
I, [2014-02-06T12:21:10.343742 #21796]  INFO -- : 0:  execjs (2.0.2) from /usr/local/opt/rbenv/versions/2.0.0-p353/lib/ruby/gems/2.0.0/specifications/execjs-2.0.2.gemspec
I, [2014-02-06T12:21:10.343979 #21796]  INFO -- : 0:  coffee-script (2.2.0) from /usr/local/opt/rbenv/versions/2.0.0-p353/lib/ruby/gems/2.0.0/specifications/coffee-script-2.2.0.gemspec
I, [2014-02-06T12:21:10.344218 #21796]  INFO -- : 0:  coffee-rails (4.0.1) from /usr/local/opt/rbenv/versions/2.0.0-p353/lib/ruby/gems/2.0.0/specifications/coffee-rails-4.0.1.gemspec
I, [2014-02-06T12:21:10.344450 #21796]  INFO -- : 0:  colorize (0.6.0) from /usr/local/opt/rbenv/versions/2.0.0-p353/lib/ruby/gems/2.0.0/specifications/colorize-0.6.0.gemspec
I, [2014-02-06T12:21:10.344687 #21796]  INFO -- : 0:  database_cleaner (1.2.0) from /usr/local/opt/rbenv/versions/2.0.0-p353/lib/ruby/gems/2.0.0/specifications/database_cleaner-1.2.0.gemspec
I, [2014-02-06T12:21:10.344919 #21796]  INFO -- : 0:  deface (1.0.0) from /usr/local/opt/rbenv/versions/2.0.0-p353/lib/ruby/gems/2.0.0/specifications/deface-1.0.0.gemspec
I, [2014-02-06T12:21:10.345155 #21796]  INFO -- : 0:  orm_adapter (0.5.0) from /usr/local/opt/rbenv/versions/2.0.0-p353/lib/ruby/gems/2.0.0/specifications/orm_adapter-0.5.0.gemspec
I, [2014-02-06T12:21:10.345385 #21796]  INFO -- : 0:  warden (1.2.3) from /usr/local/opt/rbenv/versions/2.0.0-p353/lib/ruby/gems/2.0.0/specifications/warden-1.2.3.gemspec
I, [2014-02-06T12:21:10.345621 #21796]  INFO -- : 0:  devise (3.2.2) from /usr/local/opt/rbenv/versions/2.0.0-p353/lib/ruby/gems/2.0.0/specifications/devise-3.2.2.gemspec
I, [2014-02-06T12:21:10.345855 #21796]  INFO -- : 0:  devise-encryptable (0.1.2) from /usr/local/opt/rbenv/versions/2.0.0-p353/lib/ruby/gems/2.0.0/specifications/devise-encryptable-0.1.2.gemspec
I, [2014-02-06T12:21:10.346086 #21796]  INFO -- : 0:  diff-lcs (1.2.5) from /usr/local/opt/rbenv/versions/2.0.0-p353/lib/ruby/gems/2.0.0/specifications/diff-lcs-1.2.5.gemspec
I, [2014-02-06T12:21:10.346323 #21796]  INFO -- : 0:  docile (1.1.3) from /usr/local/opt/rbenv/versions/2.0.0-p353/lib/ruby/gems/2.0.0/specifications/docile-1.1.3.gemspec
I, [2014-02-06T12:21:10.346554 #21796]  INFO -- : 0:  factory_girl (4.3.0) from /usr/local/opt/rbenv/versions/2.0.0-p353/lib/ruby/gems/2.0.0/specifications/factory_girl-4.3.0.gemspec
I, [2014-02-06T12:21:10.346787 #21796]  INFO -- : 0:  ffaker (1.23.0) from /usr/local/opt/rbenv/versions/2.0.0-p353/lib/ruby/gems/2.0.0/specifications/ffaker-1.23.0.gemspec
I, [2014-02-06T12:21:10.347020 #21796]  INFO -- : 0:  friendly_id (5.0.2) from /usr/local/opt/rbenv/versions/2.0.0-p353/lib/ruby/gems/2.0.0/specifications/friendly_id-5.0.2.gemspec
I, [2014-02-06T12:21:10.347248 #21796]  INFO -- : 0:  highline (1.6.20) from /usr/local/opt/rbenv/versions/2.0.0-p353/lib/ruby/gems/2.0.0/specifications/highline-1.6.20.gemspec
I, [2014-02-06T12:21:10.347480 #21796]  INFO -- : 0:  multi_xml (0.5.5) from /usr/local/opt/rbenv/versions/2.0.0-p353/lib/ruby/gems/2.0.0/specifications/multi_xml-0.5.5.gemspec
I, [2014-02-06T12:21:10.347712 #21796]  INFO -- : 0:  httparty (0.12.0) from /usr/local/opt/rbenv/versions/2.0.0-p353/lib/ruby/gems/2.0.0/specifications/httparty-0.12.0.gemspec
I, [2014-02-06T12:21:12.063547 #21796]  INFO -- : 0:  jquery-rails (3.1.0) from /usr/local/opt/rbenv/versions/2.0.0-p353/lib/ruby/gems/2.0.0/specifications/jquery-rails-3.1.0.gemspec
I, [2014-02-06T12:21:13.822244 #21796]  INFO -- : 0:  jquery-ui-rails (4.1.1) from /usr/local/opt/rbenv/versions/2.0.0-p353/lib/ruby/gems/2.0.0/specifications/jquery-ui-rails-4.1.1.gemspec
I, [2014-02-06T12:21:13.822650 #21796]  INFO -- : 0:  kaminari (0.15.1) from /usr/local/opt/rbenv/versions/2.0.0-p353/lib/ruby/gems/2.0.0/specifications/kaminari-0.15.1.gemspec
I, [2014-02-06T12:21:13.822904 #21796]  INFO -- : 0:  method_source (0.8.2) from /usr/local/opt/rbenv/versions/2.0.0-p353/lib/ruby/gems/2.0.0/specifications/method_source-0.8.2.gemspec
I, [2014-02-06T12:21:13.823155 #21796]  INFO -- : 0:  paperclip (3.4.2) from /usr/local/opt/rbenv/versions/2.0.0-p353/lib/ruby/gems/2.0.0/specifications/paperclip-3.4.2.gemspec
I, [2014-02-06T12:21:13.823407 #21796]  INFO -- : 0:  paranoia (2.0.2) from /usr/local/opt/rbenv/versions/2.0.0-p353/lib/ruby/gems/2.0.0/specifications/paranoia-2.0.2.gemspec
I, [2014-02-06T12:21:15.690992 #21796]  INFO -- : 0:  websocket-driver (0.3.2) from /usr/local/opt/rbenv/versions/2.0.0-p353/lib/ruby/gems/2.0.0/specifications/websocket-driver-0.3.2.gemspec
I, [2014-02-06T12:21:17.478753 #21796]  INFO -- : 0:  poltergeist (1.5.0) from /usr/local/opt/rbenv/versions/2.0.0-p353/lib/ruby/gems/2.0.0/specifications/poltergeist-1.5.0.gemspec
I, [2014-02-06T12:21:17.479174 #21796]  INFO -- : 0:  polyamorous (0.6.4) from /usr/local/opt/rbenv/versions/2.0.0-p353/lib/ruby/gems/2.0.0/specifications/polyamorous-0.6.4.gemspec
I, [2014-02-06T12:21:17.479420 #21796]  INFO -- : 0:  slop (3.4.7) from /usr/local/opt/rbenv/versions/2.0.0-p353/lib/ruby/gems/2.0.0/specifications/slop-3.4.7.gemspec
I, [2014-02-06T12:21:19.246128 #21796]  INFO -- : 0:  pry (0.9.12.6) from /usr/local/opt/rbenv/versions/2.0.0-p353/lib/ruby/gems/2.0.0/specifications/pry-0.9.12.6.gemspec
I, [2014-02-06T12:21:19.246493 #21796]  INFO -- : 0:  pry-rails (0.3.2) from /usr/local/opt/rbenv/versions/2.0.0-p353/lib/ruby/gems/2.0.0/specifications/pry-rails-0.3.2.gemspec
I, [2014-02-06T12:21:19.246740 #21796]  INFO -- : 0:  rabl (0.9.3) from /usr/local/opt/rbenv/versions/2.0.0-p353/lib/ruby/gems/2.0.0/specifications/rabl-0.9.3.gemspec
I, [2014-02-06T12:21:19.246988 #21796]  INFO -- : 0:  ransack (1.1.0) from /usr/local/opt/rbenv/versions/2.0.0-p353/lib/ruby/gems/2.0.0/specifications/ransack-1.1.0.gemspec
I, [2014-02-06T12:21:19.247226 #21796]  INFO -- : 0:  rspec-core (2.14.7) from /usr/local/opt/rbenv/versions/2.0.0-p353/lib/ruby/gems/2.0.0/specifications/rspec-core-2.14.7.gemspec
I, [2014-02-06T12:21:19.247473 #21796]  INFO -- : 0:  rspec-expectations (2.14.5) from /usr/local/opt/rbenv/versions/2.0.0-p353/lib/ruby/gems/2.0.0/specifications/rspec-expectations-2.14.5.gemspec
I, [2014-02-06T12:21:19.247715 #21796]  INFO -- : 0:  rspec-mocks (2.14.5) from /usr/local/opt/rbenv/versions/2.0.0-p353/lib/ruby/gems/2.0.0/specifications/rspec-mocks-2.14.5.gemspec
I, [2014-02-06T12:21:19.247953 #21796]  INFO -- : 0:  rspec-rails (2.14.1) from /usr/local/opt/rbenv/versions/2.0.0-p353/lib/ruby/gems/2.0.0/specifications/rspec-rails-2.14.1.gemspec
I, [2014-02-06T12:21:19.248224 #21796]  INFO -- : 0:  sass (3.2.14) from /usr/local/opt/rbenv/versions/2.0.0-p353/lib/ruby/gems/2.0.0/specifications/sass-3.2.14.gemspec
I, [2014-02-06T12:21:19.248462 #21796]  INFO -- : 0:  sass-rails (4.0.1) from /usr/local/opt/rbenv/versions/2.0.0-p353/lib/ruby/gems/2.0.0/specifications/sass-rails-4.0.1.gemspec
I, [2014-02-06T12:21:19.248703 #21796]  INFO -- : 0:  select2-rails (3.4.9) from /usr/local/opt/rbenv/versions/2.0.0-p353/lib/ruby/gems/2.0.0/specifications/select2-rails-3.4.9.gemspec
I, [2014-02-06T12:21:19.248934 #21796]  INFO -- : 0:  simplecov-html (0.8.0) from /usr/local/opt/rbenv/versions/2.0.0-p353/lib/ruby/gems/2.0.0/specifications/simplecov-html-0.8.0.gemspec
I, [2014-02-06T12:21:19.249166 #21796]  INFO -- : 0:  simplecov (0.8.2) from /usr/local/opt/rbenv/versions/2.0.0-p353/lib/ruby/gems/2.0.0/specifications/simplecov-0.8.2.gemspec
I, [2014-02-06T12:21:19.249422 #21796]  INFO -- : 0:  state_machine (1.2.0) from /usr/local/opt/rbenv/versions/2.0.0-p353/lib/ruby/gems/2.0.0/specifications/state_machine-1.2.0.gemspec
I, [2014-02-06T12:21:19.249652 #21796]  INFO -- : 0:  stringex (1.5.1) from /usr/local/opt/rbenv/versions/2.0.0-p353/lib/ruby/gems/2.0.0/specifications/stringex-1.5.1.gemspec
I, [2014-02-06T12:21:19.249884 #21796]  INFO -- : 0:  truncate_html (0.9.2) from /usr/local/opt/rbenv/versions/2.0.0-p353/lib/ruby/gems/2.0.0/specifications/truncate_html-0.9.2.gemspec
I, [2014-02-06T12:21:19.711453 #21796]  INFO -- : 0:  spree_core (2.2.0.beta) from /usr/local/opt/rbenv/versions/2.0.0-p353/lib/ruby/gems/2.0.0/bundler/gems/spree-d7905e0b8b4d/core/spree_core.gemspec
I, [2014-02-06T12:21:19.712033 #21796]  INFO -- : 0:  versioncake (1.2.0) from /usr/local/opt/rbenv/versions/2.0.0-p353/lib/ruby/gems/2.0.0/specifications/versioncake-1.2.0.gemspec
I, [2014-02-06T12:21:19.891786 #21796]  INFO -- : 0:  spree_api (2.2.0.beta) from /usr/local/opt/rbenv/versions/2.0.0-p353/lib/ruby/gems/2.0.0/bundler/gems/spree-d7905e0b8b4d/api/spree_api.gemspec
I, [2014-02-06T12:21:20.304346 #21796]  INFO -- : 0:  spree_backend (2.2.0.beta) from /usr/local/opt/rbenv/versions/2.0.0-p353/lib/ruby/gems/2.0.0/bundler/gems/spree-d7905e0b8b4d/backend/spree_backend.gemspec
I, [2014-02-06T12:21:20.364129 #21796]  INFO -- : 0:  spree_cmd (2.2.0.beta) from /usr/local/opt/rbenv/versions/2.0.0-p353/lib/ruby/gems/2.0.0/bundler/gems/spree-d7905e0b8b4d/cmd/spree_cmd.gemspec
I, [2014-02-06T12:21:20.720039 #21796]  INFO -- : 0:  spree_frontend (2.2.0.beta) from /usr/local/opt/rbenv/versions/2.0.0-p353/lib/ruby/gems/2.0.0/bundler/gems/spree-d7905e0b8b4d/frontend/spree_frontend.gemspec
I, [2014-02-06T12:21:20.845758 #21796]  INFO -- : 0:  spree_sample (2.2.0.beta) from /usr/local/opt/rbenv/versions/2.0.0-p353/lib/ruby/gems/2.0.0/bundler/gems/spree-d7905e0b8b4d/sample/spree_sample.gemspec
I, [2014-02-06T12:21:20.853134 #21796]  INFO -- : 0:  spree (2.2.0.beta) from /usr/local/opt/rbenv/versions/2.0.0-p353/lib/ruby/gems/2.0.0/bundler/gems/spree-d7905e0b8b4d/spree.gemspec
I, [2014-02-06T12:21:20.937419 #21796]  INFO -- : 0:  spree_auth_devise (2.2.0) from /usr/local/opt/rbenv/versions/2.0.0-p353/lib/ruby/gems/2.0.0/bundler/gems/spree_auth_devise-5e02fab12375/spree_auth_devise.gemspec
I, [2014-02-06T12:21:20.955770 #21796]  INFO -- : 0:  spree_recently_viewed (1.1.0) from /Users/JDutil/Code/spree_recently_viewed/spree_recently_viewed.gemspec
I, [2014-02-06T12:21:20.956153 #21796]  INFO -- : 0:  sqlite3 (1.3.8) from /usr/local/opt/rbenv/versions/2.0.0-p353/lib/ruby/gems/2.0.0/specifications/sqlite3-1.3.8.gemspec
